Release 14.6 - xst P.68d (lin64)
Copyright (c) 1995-2013 Xilinx, Inc.  All rights reserved.
--> 
Parameter TMPDIR set to xst/projnav.tmp


Total REAL time to Xst completion: 1.00 secs
Total CPU time to Xst completion: 0.04 secs
 
--> 
Parameter xsthdpdir set to xst


Total REAL time to Xst completion: 1.00 secs
Total CPU time to Xst completion: 0.04 secs
 
--> 
Reading design: alu.prj

TABLE OF CONTENTS
  1) Synthesis Options Summary
  2) HDL Compilation
  3) Design Hierarchy Analysis
  4) HDL Analysis
  5) HDL Synthesis
     5.1) HDL Synthesis Report
  6) Advanced HDL Synthesis
     6.1) Advanced HDL Synthesis Report
  7) Low Level Synthesis
  8) Partition Report
  9) Final Report
	9.1) Device utilization summary
	9.2) Partition Resource Summary
	9.3) TIMING REPORT


=========================================================================
*                      Synthesis Options Summary                        *
=========================================================================
---- Source Parameters
Input File Name                    : "alu.prj"
Input Format                       : mixed
Ignore Synthesis Constraint File   : NO

---- Target Parameters
Output File Name                   : "alu"
Output Format                      : NGC
Target Device                      : xc3s100e-5-tq144

---- Source Options
Top Module Name                    : alu
Automatic FSM Extraction           : YES
FSM Encoding Algorithm             : Auto
Safe Implementation                : No
FSM Style                          : LUT
RAM Extraction                     : Yes
RAM Style                          : Auto
ROM Extraction                     : Yes
Mux Style                          : Auto
Decoder Extraction                 : YES
Priority Encoder Extraction        : Yes
Shift Register Extraction          : YES
Logical Shifter Extraction         : YES
XOR Collapsing                     : YES
ROM Style                          : Auto
Mux Extraction                     : Yes
Resource Sharing                   : YES
Asynchronous To Synchronous        : NO
Multiplier Style                   : Auto
Automatic Register Balancing       : No

---- Target Options
Add IO Buffers                     : YES
Global Maximum Fanout              : 100000
Add Generic Clock Buffer(BUFG)     : 24
Register Duplication               : YES
Slice Packing                      : YES
Optimize Instantiated Primitives   : NO
Use Clock Enable                   : Yes
Use Synchronous Set                : Yes
Use Synchronous Reset              : Yes
Pack IO Registers into IOBs        : Auto
Equivalent register Removal        : YES

---- General Options
Optimization Goal                  : Speed
Optimization Effort                : 1
Keep Hierarchy                     : No
Netlist Hierarchy                  : As_Optimized
RTL Output                         : Yes
Global Optimization                : AllClockNets
Read Cores                         : YES
Write Timing Constraints           : NO
Cross Clock Analysis               : NO
Hierarchy Separator                : /
Bus Delimiter                      : <>
Case Specifier                     : Maintain
Slice Utilization Ratio            : 100
BRAM Utilization Ratio             : 100
Verilog 2001                       : YES
Auto BRAM Packing                  : NO
Slice Utilization Ratio Delta      : 5

=========================================================================


=========================================================================
*                          HDL Compilation                              *
=========================================================================
Compiling verilog file "alu.v" in library work
Module <alu> compiled
No errors in compilation
Analysis of file <"alu.prj"> succeeded.
 

=========================================================================
*                     Design Hierarchy Analysis                         *
=========================================================================
Analyzing hierarchy for module <alu> in library <work>.


=========================================================================
*                            HDL Analysis                               *
=========================================================================
Analyzing top module <alu>.
Module <alu> is correct for synthesis.
 

=========================================================================
*                           HDL Synthesis                               *
=========================================================================

Performing bidirectional port resolution...

Synthesizing Unit <alu>.
    Related source file is "alu.v".
WARNING:Xst:646 - Signal <temp> is assigned but never used. This unconnected signal will be trimmed during the optimization process.
    Found 32-bit addsub for signal <old_temp_1$addsub0000>.
    Found 32-bit comparator less for signal <old_temp_1$cmp_lt0000> created at line 44.
    Summary:
	inferred   1 Adder/Subtractor(s).
	inferred   1 Comparator(s).
Unit <alu> synthesized.

INFO:Xst:1767 - HDL ADVISOR - Resource sharing has identified that some arithmetic operations in this design can share the same physical resources for reduced device utilization. For improved clock frequency you may try to disable resource sharing.

=========================================================================
HDL Synthesis Report

Macro Statistics
# Adders/Subtractors                                   : 1
 32-bit addsub                                         : 1
# Comparators                                          : 1
 32-bit comparator less                                : 1

=========================================================================

=========================================================================
*                       Advanced HDL Synthesis                          *
=========================================================================


=========================================================================
Advanced HDL Synthesis Report

Macro Statistics
# Adders/Subtractors                                   : 1
 32-bit addsub                                         : 1
# Comparators                                          : 1
 32-bit comparator less                                : 1

=========================================================================

=========================================================================
*                         Low Level Synthesis                           *
=========================================================================

Optimizing unit <alu> ...

Mapping all equations...
Building and optimizing final netlist ...
Found area constraint ratio of 100 (+ 5) on block alu, actual ratio is 12.

Final Macro Processing ...

=========================================================================
Final Register Report

Found no macro
=========================================================================

=========================================================================
*                           Partition Report                            *
=========================================================================

Partition Implementation Status
-------------------------------

  No Partitions were found in this design.

-------------------------------

=========================================================================
*                            Final Report                               *
=========================================================================
Final Results
RTL Top Level Output File Name     : alu.ngr
Top Level Output File Name         : alu
Output Format                      : NGC
Optimization Goal                  : Speed
Keep Hierarchy                     : No

Design Statistics
# IOs                              : 101

Cell Usage :
# BELS                             : 311
#      GND                         : 1
#      LUT2                        : 32
#      LUT3                        : 66
#      LUT4                        : 79
#      MUXCY                       : 71
#      MUXF5                       : 29
#      VCC                         : 1
#      XORCY                       : 32
# IO Buffers                       : 101
#      IBUF                        : 68
#      OBUF                        : 33
=========================================================================

Device utilization summary:
---------------------------

Selected Device : 3s100etq144-5 

 Number of Slices:                      109  out of    960    11%  
 Number of 4 input LUTs:                177  out of   1920     9%  
 Number of IOs:                         101
 Number of bonded IOBs:                 101  out of    108    93%  

---------------------------
Partition Resource Summary:
---------------------------

  No Partitions were found in this design.

---------------------------


=========================================================================
TIMING REPORT

NOTE: THESE TIMING NUMBERS ARE ONLY A SYNTHESIS ESTIMATE.
      FOR ACCURATE TIMING INFORMATION PLEASE REFER TO THE TRACE REPORT
      GENERATED AFTER PLACE-and-ROUTE.

Clock Information:
------------------
No clock signals found in this design

Asynchronous Control Signals Information:
----------------------------------------
No asynchronous control signals found in this design

Timing Summary:
---------------
Speed Grade: -5

   Minimum period: No path found
   Minimum input arrival time before clock: No path found
   Maximum output required time after clock: No path found
   Maximum combinational path delay: 13.708ns

Timing Detail:
--------------
All values displayed in nanoseconds (ns)

=========================================================================
Timing constraint: Default path analysis
  Total number of paths / destination ports: 14944 / 33
-------------------------------------------------------------------------
Delay:               13.708ns (Levels of Logic = 40)
  Source:            alu_control_in<0> (PAD)
  Destination:       zero_out (PAD)

  Data Path: alu_control_in<0> to zero_out
                                Gate     Net
    Cell:in->out      fanout   Delay   Delay  Logical Name (Net Name)
    ----------------------------------------  ------------
     IBUF:I->O            36   1.106   1.077  alu_control_in_0_IBUF (alu_control_in_0_IBUF)
     LUT4:I3->O           33   0.612   1.103  old_temp_1_mux00002 (old_temp_1_mux0000)
     LUT3:I2->O            1   0.612   0.000  Maddsub_old_temp_1_addsub0000_lut<0> (Maddsub_old_temp_1_addsub0000_lut<0>)
     MUXCY:S->O            1   0.404   0.000  Maddsub_old_temp_1_addsub0000_cy<0> (Maddsub_old_temp_1_addsub0000_cy<0>)
     MUXCY:CI->O           1   0.052   0.000  Maddsub_old_temp_1_addsub0000_cy<1> (Maddsub_old_temp_1_addsub0000_cy<1>)
     MUXCY:CI->O           1   0.052   0.000  Maddsub_old_temp_1_addsub0000_cy<2> (Maddsub_old_temp_1_addsub0000_cy<2>)
     MUXCY:CI->O           1   0.052   0.000  Maddsub_old_temp_1_addsub0000_cy<3> (Maddsub_old_temp_1_addsub0000_cy<3>)
     MUXCY:CI->O           1   0.052   0.000  Maddsub_old_temp_1_addsub0000_cy<4> (Maddsub_old_temp_1_addsub0000_cy<4>)
     MUXCY:CI->O           1   0.052   0.000  Maddsub_old_temp_1_addsub0000_cy<5> (Maddsub_old_temp_1_addsub0000_cy<5>)
     MUXCY:CI->O           1   0.052   0.000  Maddsub_old_temp_1_addsub0000_cy<6> (Maddsub_old_temp_1_addsub0000_cy<6>)
     MUXCY:CI->O           1   0.052   0.000  Maddsub_old_temp_1_addsub0000_cy<7> (Maddsub_old_temp_1_addsub0000_cy<7>)
     MUXCY:CI->O           1   0.052   0.000  Maddsub_old_temp_1_addsub0000_cy<8> (Maddsub_old_temp_1_addsub0000_cy<8>)
     MUXCY:CI->O           1   0.052   0.000  Maddsub_old_temp_1_addsub0000_cy<9> (Maddsub_old_temp_1_addsub0000_cy<9>)
     MUXCY:CI->O           1   0.052   0.000  Maddsub_old_temp_1_addsub0000_cy<10> (Maddsub_old_temp_1_addsub0000_cy<10>)
     MUXCY:CI->O           1   0.052   0.000  Maddsub_old_temp_1_addsub0000_cy<11> (Maddsub_old_temp_1_addsub0000_cy<11>)
     MUXCY:CI->O           1   0.052   0.000  Maddsub_old_temp_1_addsub0000_cy<12> (Maddsub_old_temp_1_addsub0000_cy<12>)
     MUXCY:CI->O           1   0.052   0.000  Maddsub_old_temp_1_addsub0000_cy<13> (Maddsub_old_temp_1_addsub0000_cy<13>)
     MUXCY:CI->O           1   0.052   0.000  Maddsub_old_temp_1_addsub0000_cy<14> (Maddsub_old_temp_1_addsub0000_cy<14>)
     MUXCY:CI->O           1   0.052   0.000  Maddsub_old_temp_1_addsub0000_cy<15> (Maddsub_old_temp_1_addsub0000_cy<15>)
     MUXCY:CI->O           1   0.051   0.000  Maddsub_old_temp_1_addsub0000_cy<16> (Maddsub_old_temp_1_addsub0000_cy<16>)
     MUXCY:CI->O           1   0.051   0.000  Maddsub_old_temp_1_addsub0000_cy<17> (Maddsub_old_temp_1_addsub0000_cy<17>)
     MUXCY:CI->O           1   0.051   0.000  Maddsub_old_temp_1_addsub0000_cy<18> (Maddsub_old_temp_1_addsub0000_cy<18>)
     MUXCY:CI->O           1   0.051   0.000  Maddsub_old_temp_1_addsub0000_cy<19> (Maddsub_old_temp_1_addsub0000_cy<19>)
     MUXCY:CI->O           1   0.051   0.000  Maddsub_old_temp_1_addsub0000_cy<20> (Maddsub_old_temp_1_addsub0000_cy<20>)
     MUXCY:CI->O           1   0.051   0.000  Maddsub_old_temp_1_addsub0000_cy<21> (Maddsub_old_temp_1_addsub0000_cy<21>)
     MUXCY:CI->O           1   0.051   0.000  Maddsub_old_temp_1_addsub0000_cy<22> (Maddsub_old_temp_1_addsub0000_cy<22>)
     MUXCY:CI->O           1   0.051   0.000  Maddsub_old_temp_1_addsub0000_cy<23> (Maddsub_old_temp_1_addsub0000_cy<23>)
     MUXCY:CI->O           1   0.051   0.000  Maddsub_old_temp_1_addsub0000_cy<24> (Maddsub_old_temp_1_addsub0000_cy<24>)
     MUXCY:CI->O           1   0.051   0.000  Maddsub_old_temp_1_addsub0000_cy<25> (Maddsub_old_temp_1_addsub0000_cy<25>)
     MUXCY:CI->O           1   0.051   0.000  Maddsub_old_temp_1_addsub0000_cy<26> (Maddsub_old_temp_1_addsub0000_cy<26>)
     XORCY:CI->O           1   0.699   0.360  Maddsub_old_temp_1_addsub0000_xor<27> (old_temp_1_addsub0000<27>)
     LUT4:I3->O            1   0.612   0.000  _old_temp_1<27>411 (_old_temp_1<27>41)
     MUXF5:I0->O           2   0.278   0.410  _old_temp_1<27>41_f5 (alu_result_out_27_OBUF)
     LUT4:I2->O            1   0.612   0.000  zero_out_cmp_eq0000_wg_lut<3> (zero_out_cmp_eq0000_wg_lut<3>)
     MUXCY:S->O            1   0.404   0.000  zero_out_cmp_eq0000_wg_cy<3> (zero_out_cmp_eq0000_wg_cy<3>)
     MUXCY:CI->O           1   0.051   0.000  zero_out_cmp_eq0000_wg_cy<4> (zero_out_cmp_eq0000_wg_cy<4>)
     MUXCY:CI->O           1   0.052   0.000  zero_out_cmp_eq0000_wg_cy<5> (zero_out_cmp_eq0000_wg_cy<5>)
     MUXCY:CI->O           1   0.052   0.000  zero_out_cmp_eq0000_wg_cy<6> (zero_out_cmp_eq0000_wg_cy<6>)
     MUXCY:CI->O           1   0.399   0.357  zero_out_cmp_eq0000_wg_cy<7> (zero_out_OBUF)
     OBUF:I->O                 3.169          zero_out_OBUF (zero_out)
    ----------------------------------------
    Total                     13.708ns (10.401ns logic, 3.307ns route)
                                       (75.9% logic, 24.1% route)

=========================================================================


Total REAL time to Xst completion: 5.00 secs
Total CPU time to Xst completion: 4.07 secs
 
--> 


Total memory usage is 615996 kilobytes

Number of errors   :    0 (   0 filtered)
Number of warnings :    1 (   0 filtered)
Number of infos    :    1 (   0 filtered)

